This file contains any messages produced by compilers while
running configure, to aid debugging if configure makes a mistake.

It was created by DoogieHowser configure 0.0.1, which was
generated by GNU Autoconf 2.61.  Invocation command line was

  $ ./configure 

## --------- ##
## Platform. ##
## --------- ##

hostname = wooster
uname -m = x86_64
uname -r = 12.5.0
uname -s = Darwin
uname -v = Darwin Kernel Version 12.5.0: Sun Sep 29 13:33:47 PDT 2013; root:xnu-2050.48.12~1/RELEASE_X86_64

/usr/bin/uname -p = i386
/bin/uname -X     = unknown

/bin/arch              = unknown
/usr/bin/arch -k       = unknown
/usr/convex/getsysinfo = unknown
/usr/bin/hostinfo      = Mach kernel version:
	 Darwin Kernel Version 12.5.0: Sun Sep 29 13:33:47 PDT 2013; root:xnu-2050.48.12~1/RELEASE_X86_64
Kernel configured for up to 8 processors.
4 processors are physically available.
8 processors are logically available.
Processor type: i486 (Intel 80486)
Processors active: 0 1 2 3 4 5 6 7
Primary memory available: 8.00 gigabytes
Default processor set: 137 tasks, 592 threads, 8 processors
Load average: 0.81, Mach factor: 7.18
/bin/machine           = unknown
/usr/bin/oslevel       = unknown
/bin/universe          = unknown

PATH: /Users/rf9/.rvm/gems/ruby-2.0.0-p0/bin
PATH: /Users/rf9/.rvm/gems/ruby-2.0.0-p0@global/bin
PATH: /Users/rf9/.rvm/rubies/ruby-2.0.0-p0/bin
PATH: /Users/rf9/.rvm/bin
PATH: /usr/local/bin
PATH: /usr/local/sbin
PATH: /usr/bin
PATH: /bin
PATH: /usr/sbin
PATH: /sbin
PATH: /opt/X11/bin
PATH: /usr/local/munki


## ----------- ##
## Core tests. ##
## ----------- ##

configure:1989: checking for a BSD-compatible install
configure:2045: result: /usr/bin/install -c
configure:2056: checking whether build environment is sane
configure:2099: result: yes
configure:2127: checking for a thread-safe mkdir -p
configure:2166: result: build-aux/install-sh -c -d
configure:2179: checking for gawk
configure:2209: result: no
configure:2179: checking for mawk
configure:2209: result: no
configure:2179: checking for nawk
configure:2209: result: no
configure:2179: checking for awk
configure:2195: found /usr/bin/awk
configure:2206: result: awk
configure:2217: checking whether make sets $(MAKE)
configure:2238: result: yes
configure:2476: checking for gcc
configure:2492: found /usr/bin/gcc
configure:2503: result: gcc
configure:2741: checking for C compiler version
configure:2748: gcc --version >&5
Configured with: --prefix=/Applications/Xcode.app/Contents/Developer/usr --with-gxx-include-dir=/usr/include/c++/4.2.1
Apple LLVM version 5.0 (clang-500.2.79) (based on LLVM 3.3svn)
Target: x86_64-apple-darwin12.5.0
Thread model: posix
configure:2751: $? = 0
configure:2758: gcc -v >&5
Configured with: --prefix=/Applications/Xcode.app/Contents/Developer/usr --with-gxx-include-dir=/usr/include/c++/4.2.1
Apple LLVM version 5.0 (clang-500.2.79) (based on LLVM 3.3svn)
Target: x86_64-apple-darwin12.5.0
Thread model: posix
configure:2761: $? = 0
configure:2768: gcc -V >&5
clang: error: argument to '-V' is missing (expected 1 value)
clang: error: no input files
configure:2771: $? = 1
configure:2794: checking for C compiler default output file name
configure:2821: gcc    conftest.c  >&5
configure:2824: $? = 0
configure:2862: result: a.out
configure:2879: checking whether the C compiler works
configure:2889: ./a.out
configure:2892: $? = 0
configure:2909: result: yes
configure:2916: checking whether we are cross compiling
configure:2918: result: no
configure:2921: checking for suffix of executables
configure:2928: gcc -o conftest    conftest.c  >&5
configure:2931: $? = 0
configure:2955: result: 
configure:2961: checking for suffix of object files
configure:2987: gcc -c   conftest.c >&5
configure:2990: $? = 0
configure:3013: result: o
configure:3017: checking whether we are using the GNU C compiler
configure:3046: gcc -c   conftest.c >&5
configure:3052: $? = 0
configure:3069: result: yes
configure:3074: checking whether gcc accepts -g
configure:3104: gcc -c -g  conftest.c >&5
configure:3110: $? = 0
configure:3209: result: yes
configure:3226: checking for gcc option to accept ISO C89
configure:3300: gcc  -c -g -O2  conftest.c >&5
configure:3306: $? = 0
configure:3329: result: none needed
configure:3358: checking for style of include used by make
configure:3386: result: GNU
configure:3411: checking dependency style of gcc
configure:3502: result: gcc3
configure:3595: checking build system type
configure:3613: result: i386-apple-darwin12.5.0
configure:3635: checking host system type
configure:3650: result: i386-apple-darwin12.5.0
configure:3672: checking for a sed that does not truncate output
configure:3726: result: /usr/bin/sed
configure:3729: checking for grep that handles long lines and -e
configure:3803: result: /usr/bin/grep
configure:3808: checking for egrep
configure:3886: result: /usr/bin/grep -E
configure:3902: checking for ld used by gcc
configure:3969: result: /Applications/Xcode.app/Contents/Developer/Toolchains/XcodeDefault.xctoolchain/usr/bin/ld
configure:3978: checking if the linker (/Applications/Xcode.app/Contents/Developer/Toolchains/XcodeDefault.xctoolchain/usr/bin/ld) is GNU ld
configure:3993: result: no
configure:3998: checking for /Applications/Xcode.app/Contents/Developer/Toolchains/XcodeDefault.xctoolchain/usr/bin/ld option to reload object files
configure:4005: result: -r
configure:4023: checking for BSD-compatible nm
configure:4072: result: /usr/bin/nm
configure:4076: checking whether ln -s works
configure:4080: result: yes
configure:4087: checking how to recognise dependent libraries
configure:4263: result: pass_all
configure:4497: checking how to run the C preprocessor
configure:4537: gcc -E  conftest.c
configure:4543: $? = 0
configure:4574: gcc -E  conftest.c
conftest.c:10:10: fatal error: 'ac_nonexistent.h' file not found
#include <ac_nonexistent.h>
         ^
1 error generated.
configure:4580: $? = 1
configure: failed program was:
| /* confdefs.h.  */
| #define PACKAGE_NAME "DoogieHowser"
| #define PACKAGE_TARNAME "doogiehowser"
| #define PACKAGE_VERSION "0.0.1"
| #define PACKAGE_STRING "DoogieHowser 0.0.1"
| #define PACKAGE_BUGREPORT "robert AT robertdfrench.me"
| #define PACKAGE "doogiehowser"
| #define VERSION "0.0.1"
| /* end confdefs.h.  */
| #include <ac_nonexistent.h>
configure:4613: result: gcc -E
configure:4642: gcc -E  conftest.c
configure:4648: $? = 0
configure:4679: gcc -E  conftest.c
conftest.c:10:10: fatal error: 'ac_nonexistent.h' file not found
#include <ac_nonexistent.h>
         ^
1 error generated.
configure:4685: $? = 1
configure: failed program was:
| /* confdefs.h.  */
| #define PACKAGE_NAME "DoogieHowser"
| #define PACKAGE_TARNAME "doogiehowser"
| #define PACKAGE_VERSION "0.0.1"
| #define PACKAGE_STRING "DoogieHowser 0.0.1"
| #define PACKAGE_BUGREPORT "robert AT robertdfrench.me"
| #define PACKAGE "doogiehowser"
| #define VERSION "0.0.1"
| /* end confdefs.h.  */
| #include <ac_nonexistent.h>
configure:4723: checking for ANSI C header files
configure:4753: gcc -c -g -O2  conftest.c >&5
configure:4759: $? = 0
configure:4858: gcc -o conftest -g -O2   conftest.c  >&5
configure:4861: $? = 0
configure:4867: ./conftest
configure:4870: $? = 0
configure:4887: result: yes
configure:4911: checking for sys/types.h
configure:4932: gcc -c -g -O2  conftest.c >&5
configure:4938: $? = 0
configure:4954: result: yes
configure:4911: checking for sys/stat.h
configure:4932: gcc -c -g -O2  conftest.c >&5
configure:4938: $? = 0
configure:4954: result: yes
configure:4911: checking for stdlib.h
configure:4932: gcc -c -g -O2  conftest.c >&5
configure:4938: $? = 0
configure:4954: result: yes
configure:4911: checking for string.h
configure:4932: gcc -c -g -O2  conftest.c >&5
configure:4938: $? = 0
configure:4954: result: yes
configure:4911: checking for memory.h
configure:4932: gcc -c -g -O2  conftest.c >&5
configure:4938: $? = 0
configure:4954: result: yes
configure:4911: checking for strings.h
configure:4932: gcc -c -g -O2  conftest.c >&5
configure:4938: $? = 0
configure:4954: result: yes
configure:4911: checking for inttypes.h
configure:4932: gcc -c -g -O2  conftest.c >&5
configure:4938: $? = 0
configure:4954: result: yes
configure:4911: checking for stdint.h
configure:4932: gcc -c -g -O2  conftest.c >&5
configure:4938: $? = 0
configure:4954: result: yes
configure:4911: checking for unistd.h
configure:4932: gcc -c -g -O2  conftest.c >&5
configure:4938: $? = 0
configure:4954: result: yes
configure:4981: checking dlfcn.h usability
configure:4998: gcc -c -g -O2  conftest.c >&5
configure:5004: $? = 0
configure:5018: result: yes
configure:5022: checking dlfcn.h presence
configure:5037: gcc -E  conftest.c
configure:5043: $? = 0
configure:5057: result: yes
configure:5090: checking for dlfcn.h
configure:5098: result: yes
configure:5169: checking for g++
configure:5185: found /usr/bin/g++
configure:5196: result: g++
configure:5227: checking for C++ compiler version
configure:5234: g++ --version >&5
Configured with: --prefix=/Applications/Xcode.app/Contents/Developer/usr --with-gxx-include-dir=/usr/include/c++/4.2.1
Apple LLVM version 5.0 (clang-500.2.79) (based on LLVM 3.3svn)
Target: x86_64-apple-darwin12.5.0
Thread model: posix
configure:5237: $? = 0
configure:5244: g++ -v >&5
Configured with: --prefix=/Applications/Xcode.app/Contents/Developer/usr --with-gxx-include-dir=/usr/include/c++/4.2.1
Apple LLVM version 5.0 (clang-500.2.79) (based on LLVM 3.3svn)
Target: x86_64-apple-darwin12.5.0
Thread model: posix
configure:5247: $? = 0
configure:5254: g++ -V >&5
clang: error: argument to '-V' is missing (expected 1 value)
clang: error: no input files
configure:5257: $? = 1
configure:5260: checking whether we are using the GNU C++ compiler
configure:5289: g++ -c   conftest.cpp >&5
configure:5295: $? = 0
configure:5312: result: yes
configure:5317: checking whether g++ accepts -g
configure:5347: g++ -c -g  conftest.cpp >&5
configure:5353: $? = 0
configure:5452: result: yes
configure:5477: checking dependency style of g++
configure:5568: result: gcc3
configure:5593: checking how to run the C++ preprocessor
configure:5629: g++ -E  conftest.cpp
configure:5635: $? = 0
configure:5666: g++ -E  conftest.cpp
conftest.cpp:21:10: fatal error: 'ac_nonexistent.h' file not found
#include <ac_nonexistent.h>
         ^
1 error generated.
configure:5672: $? = 1
configure: failed program was:
| /* confdefs.h.  */
| #define PACKAGE_NAME "DoogieHowser"
| #define PACKAGE_TARNAME "doogiehowser"
| #define PACKAGE_VERSION "0.0.1"
| #define PACKAGE_STRING "DoogieHowser 0.0.1"
| #define PACKAGE_BUGREPORT "robert AT robertdfrench.me"
| #define PACKAGE "doogiehowser"
| #define VERSION "0.0.1"
| #define STDC_HEADERS 1
| #define HAVE_SYS_TYPES_H 1
| #define HAVE_SYS_STAT_H 1
| #define HAVE_STDLIB_H 1
| #define HAVE_STRING_H 1
| #define HAVE_MEMORY_H 1
| #define HAVE_STRINGS_H 1
| #define HAVE_INTTYPES_H 1
| #define HAVE_STDINT_H 1
| #define HAVE_UNISTD_H 1
| #define HAVE_DLFCN_H 1
| /* end confdefs.h.  */
| #include <ac_nonexistent.h>
configure:5705: result: g++ -E
configure:5734: g++ -E  conftest.cpp
configure:5740: $? = 0
configure:5771: g++ -E  conftest.cpp
conftest.cpp:21:10: fatal error: 'ac_nonexistent.h' file not found
#include <ac_nonexistent.h>
         ^
1 error generated.
configure:5777: $? = 1
configure: failed program was:
| /* confdefs.h.  */
| #define PACKAGE_NAME "DoogieHowser"
| #define PACKAGE_TARNAME "doogiehowser"
| #define PACKAGE_VERSION "0.0.1"
| #define PACKAGE_STRING "DoogieHowser 0.0.1"
| #define PACKAGE_BUGREPORT "robert AT robertdfrench.me"
| #define PACKAGE "doogiehowser"
| #define VERSION "0.0.1"
| #define STDC_HEADERS 1
| #define HAVE_SYS_TYPES_H 1
| #define HAVE_SYS_STAT_H 1
| #define HAVE_STDLIB_H 1
| #define HAVE_STRING_H 1
| #define HAVE_MEMORY_H 1
| #define HAVE_STRINGS_H 1
| #define HAVE_INTTYPES_H 1
| #define HAVE_STDINT_H 1
| #define HAVE_UNISTD_H 1
| #define HAVE_DLFCN_H 1
| /* end confdefs.h.  */
| #include <ac_nonexistent.h>
configure:5870: checking for g77
configure:5900: result: no
configure:5870: checking for xlf
configure:5900: result: no
configure:5870: checking for f77
configure:5900: result: no
configure:5870: checking for frt
configure:5900: result: no
configure:5870: checking for pgf77
configure:5900: result: no
configure:5870: checking for cf77
configure:5900: result: no
configure:5870: checking for fort77
configure:5900: result: no
configure:5870: checking for fl32
configure:5900: result: no
configure:5870: checking for af77
configure:5900: result: no
configure:5870: checking for xlf90
configure:5900: result: no
configure:5870: checking for f90
configure:5900: result: no
configure:5870: checking for pgf90
configure:5900: result: no
configure:5870: checking for pghpf
configure:5900: result: no
configure:5870: checking for epcf90
configure:5900: result: no
configure:5870: checking for gfortran
configure:5900: result: no
configure:5870: checking for g95
configure:5900: result: no
configure:5870: checking for xlf95
configure:5900: result: no
configure:5870: checking for f95
configure:5900: result: no
configure:5870: checking for fort
configure:5900: result: no
configure:5870: checking for ifort
configure:5900: result: no
configure:5870: checking for ifc
configure:5900: result: no
configure:5870: checking for efc
configure:5900: result: no
configure:5870: checking for pgf95
configure:5900: result: no
configure:5870: checking for lf95
configure:5900: result: no
configure:5870: checking for ftn
configure:5900: result: no
configure:5927: checking for Fortran 77 compiler version
configure:5934:  --version >&5
./configure: line 5935: --version: command not found
configure:5937: $? = 127
configure:5944:  -v >&5
./configure: line 5945: -v: command not found
configure:5947: $? = 127
configure:5954:  -V >&5
./configure: line 5955: -V: command not found
configure:5957: $? = 127
configure:5965: checking whether we are using the GNU Fortran 77 compiler
configure:5984:  -c  conftest.F >&5
./configure: line 5985: -c: command not found
configure:5990: $? = 127
configure: failed program was:
|       program main
| #ifndef __GNUC__
|        choke me
| #endif
| 
|       end
configure:6007: result: no
configure:6013: checking whether  accepts -g
configure:6030:  -c -g conftest.f >&5
./configure: line 6031: -c: command not found
configure:6036: $? = 127
configure: failed program was:
|       program main
| 
|       end
configure:6052: result: no
configure:6082: checking the maximum length of command line arguments
configure:6191: result: 196608
configure:6202: checking command to parse /usr/bin/nm output from gcc object
configure:6307: gcc -c -g -O2  conftest.c >&5
configure:6310: $? = 0
configure:6314: /usr/bin/nm conftest.o \| sed -n -e 's/^.*[ 	]\([BCDEGRST][BCDEGRST]*\)[ 	][ 	]*\([_A-Za-z][_A-Za-z0-9]*\)$/\1 \2 \2/p' \> conftest.nm
configure:6317: $? = 0
cannot find nm_test_var in conftest.nm
configure:6307: gcc -c -g -O2  conftest.c >&5
configure:6310: $? = 0
configure:6314: /usr/bin/nm conftest.o \| sed -n -e 's/^.*[ 	]\([BCDEGRST][BCDEGRST]*\)[ 	][ 	]*_\([_A-Za-z][_A-Za-z0-9]*\)$/\1 _\2 \2/p' \> conftest.nm
configure:6317: $? = 0
configure:6369: gcc -o conftest -g -O2   conftest.c conftstm.o >&5
configure:6372: $? = 0
configure:6410: result: ok
configure:6414: checking for objdir
configure:6429: result: .libs
configure:6521: checking for ar
configure:6537: found /usr/bin/ar
configure:6548: result: ar
configure:6617: checking for ranlib
configure:6633: found /usr/bin/ranlib
configure:6644: result: ranlib
configure:6713: checking for strip
configure:6729: found /usr/bin/strip
configure:6740: result: strip
configure:7026: checking if gcc supports -fno-rtti -fno-exceptions
configure:7044: gcc -c -g -O2  -fno-rtti -fno-exceptions conftest.c >&5
configure:7048: $? = 0
configure:7061: result: yes
configure:7076: checking for gcc option to produce PIC
configure:7286: result: -fno-common
configure:7294: checking if gcc PIC flag -fno-common works
configure:7312: gcc -c -g -O2  -fno-common -DPIC conftest.c >&5
configure:7316: $? = 0
configure:7329: result: yes
configure:7357: checking if gcc static flag -static works
configure:7385: result: no
configure:7395: checking if gcc supports -c -o file.o
configure:7416: gcc -c -g -O2  -o out/conftest2.o conftest.c >&5
configure:7420: $? = 0
configure:7442: result: yes
configure:7468: checking whether the gcc linker (/Applications/Xcode.app/Contents/Developer/Toolchains/XcodeDefault.xctoolchain/usr/bin/ld) supports shared libraries
configure:8422: result: yes
configure:8489: checking dynamic linker characteristics
configure:9077: result: darwin12.5.0 dyld
configure:9086: checking how to hardcode library paths into programs
configure:9111: result: immediate
configure:9125: checking whether stripping libraries is possible
configure:9138: result: yes
configure:9931: checking if libtool supports shared libraries
configure:9933: result: yes
configure:9936: checking whether to build shared libraries
configure:9957: result: yes
configure:9960: checking whether to build static libraries
configure:9964: result: yes
configure:10056: creating libtool
configure:10644: checking for ld used by g++
configure:10711: result: /Applications/Xcode.app/Contents/Developer/Toolchains/XcodeDefault.xctoolchain/usr/bin/ld
configure:10720: checking if the linker (/Applications/Xcode.app/Contents/Developer/Toolchains/XcodeDefault.xctoolchain/usr/bin/ld) is GNU ld
configure:10735: result: no
configure:10786: checking whether the g++ linker (/Applications/Xcode.app/Contents/Developer/Toolchains/XcodeDefault.xctoolchain/usr/bin/ld) supports shared libraries
configure:11720: result: yes
configure:11738: g++ -c -g -O2  conftest.cpp >&5
configure:11741: $? = 0
configure:11860: checking for g++ option to produce PIC
configure:12134: result: -fno-common
configure:12142: checking if g++ PIC flag -fno-common works
configure:12160: g++ -c -g -O2  -fno-common -DPIC conftest.cpp >&5
configure:12164: $? = 0
configure:12177: result: yes
configure:12205: checking if g++ static flag -static works
configure:12233: result: no
configure:12243: checking if g++ supports -c -o file.o
configure:12264: g++ -c -g -O2  -o out/conftest2.o conftest.cpp >&5
configure:12268: $? = 0
configure:12290: result: yes
configure:12316: checking whether the g++ linker (/Applications/Xcode.app/Contents/Developer/Toolchains/XcodeDefault.xctoolchain/usr/bin/ld) supports shared libraries
configure:12341: result: yes
configure:12408: checking dynamic linker characteristics
configure:12996: result: darwin12.5.0 dyld
configure:13005: checking how to hardcode library paths into programs
configure:13030: result: immediate
configure:19179: WARNING: AM_PATH_CHECK() is deprecated
configure:19181: WARNING: use PKG_CHECK_MODULES([CHECK], [check >= 0.9.4]) instead
configure:19192: checking for check - version >= 0.8.2
configure:19279: gcc -c -g -O2   conftest.c >&5
configure:19285: $? = 0
configure:19304: result: yes
configure:19395: checking for ANSI C header files
configure:19559: result: yes
configure:19574: checking for stdlib.h
configure:19580: result: yes
configure:19723: checking for stdlib.h
configure:19729: result: yes
configure:19863: checking for GNU libc compatible malloc
configure:19897: gcc -o conftest -g -O2   conftest.c  >&5
configure:19900: $? = 0
configure:19906: ./conftest
configure:19909: $? = 0
configure:19925: result: yes
configure:20082: creating ./config.status

## ---------------------- ##
## Running config.status. ##
## ---------------------- ##

This file was extended by DoogieHowser config.status 0.0.1, which was
generated by GNU Autoconf 2.61.  Invocation command line was

  CONFIG_FILES    = 
  CONFIG_HEADERS  = 
  CONFIG_LINKS    = 
  CONFIG_COMMANDS = 
  $ ./config.status 

on wooster

config.status:665: creating Makefile
config.status:665: creating src/Makefile
config.status:665: creating tests/Makefile
config.status:665: creating config.h
config.status:895: config.h is unchanged
config.status:941: executing depfiles commands

## ---------------- ##
## Cache variables. ##
## ---------------- ##

ac_cv_build=i386-apple-darwin12.5.0
ac_cv_c_compiler_gnu=yes
ac_cv_cxx_compiler_gnu=yes
ac_cv_env_CCC_set=
ac_cv_env_CCC_value=
ac_cv_env_CC_set=
ac_cv_env_CC_value=
ac_cv_env_CFLAGS_set=
ac_cv_env_CFLAGS_value=
ac_cv_env_CPPFLAGS_set=
ac_cv_env_CPPFLAGS_value=
ac_cv_env_CPP_set=
ac_cv_env_CPP_value=
ac_cv_env_CXXCPP_set=
ac_cv_env_CXXCPP_value=
ac_cv_env_CXXFLAGS_set=
ac_cv_env_CXXFLAGS_value=
ac_cv_env_CXX_set=
ac_cv_env_CXX_value=
ac_cv_env_F77_set=
ac_cv_env_F77_value=
ac_cv_env_FFLAGS_set=
ac_cv_env_FFLAGS_value=
ac_cv_env_LDFLAGS_set=
ac_cv_env_LDFLAGS_value=
ac_cv_env_LIBS_set=
ac_cv_env_LIBS_value=
ac_cv_env_build_alias_set=
ac_cv_env_build_alias_value=
ac_cv_env_host_alias_set=
ac_cv_env_host_alias_value=
ac_cv_env_target_alias_set=
ac_cv_env_target_alias_value=
ac_cv_f77_compiler_gnu=no
ac_cv_func_malloc_0_nonnull=yes
ac_cv_header_dlfcn_h=yes
ac_cv_header_inttypes_h=yes
ac_cv_header_memory_h=yes
ac_cv_header_stdc=yes
ac_cv_header_stdint_h=yes
ac_cv_header_stdlib_h=yes
ac_cv_header_string_h=yes
ac_cv_header_strings_h=yes
ac_cv_header_sys_stat_h=yes
ac_cv_header_sys_types_h=yes
ac_cv_header_unistd_h=yes
ac_cv_host=i386-apple-darwin12.5.0
ac_cv_objext=o
ac_cv_path_EGREP='/usr/bin/grep -E'
ac_cv_path_GREP=/usr/bin/grep
ac_cv_path_install='/usr/bin/install -c'
ac_cv_prog_AWK=awk
ac_cv_prog_CPP='gcc -E'
ac_cv_prog_CXXCPP='g++ -E'
ac_cv_prog_ac_ct_AR=ar
ac_cv_prog_ac_ct_CC=gcc
ac_cv_prog_ac_ct_CXX=g++
ac_cv_prog_ac_ct_RANLIB=ranlib
ac_cv_prog_ac_ct_STRIP=strip
ac_cv_prog_cc_c89=
ac_cv_prog_cc_g=yes
ac_cv_prog_cxx_g=yes
ac_cv_prog_f77_g=no
ac_cv_prog_make_make_set=yes
am_cv_CC_dependencies_compiler_type=gcc3
am_cv_CXX_dependencies_compiler_type=gcc3
lt_cv_deplibs_check_method=pass_all
lt_cv_file_magic_cmd='$MAGIC_CMD'
lt_cv_file_magic_test_file=
lt_cv_ld_reload_flag=-r
lt_cv_objdir=.libs
lt_cv_path_LD=/Applications/Xcode.app/Contents/Developer/Toolchains/XcodeDefault.xctoolchain/usr/bin/ld
lt_cv_path_LDCXX=/Applications/Xcode.app/Contents/Developer/Toolchains/XcodeDefault.xctoolchain/usr/bin/ld
lt_cv_path_NM=/usr/bin/nm
lt_cv_path_SED=/usr/bin/sed
lt_cv_prog_compiler_c_o=yes
lt_cv_prog_compiler_c_o_CXX=yes
lt_cv_prog_compiler_rtti_exceptions=yes
lt_cv_prog_gnu_ld=no
lt_cv_prog_gnu_ldcxx=no
lt_cv_sys_global_symbol_pipe='sed -n -e '\''s/^.*[ 	]\([BCDEGRST][BCDEGRST]*\)[ 	][ 	]*_\([_A-Za-z][_A-Za-z0-9]*\)$/\1 _\2 \2/p'\'''
lt_cv_sys_global_symbol_to_c_name_address='sed -n -e '\''s/^: \([^ ]*\) $/  {\"\1\", (lt_ptr) 0},/p'\'' -e '\''s/^[BCDEGRST] \([^ ]*\) \([^ ]*\)$/  {"\2", (lt_ptr) \&\2},/p'\'''
lt_cv_sys_global_symbol_to_cdecl='sed -n -e '\''s/^. .* \(.*\)$/extern int \1;/p'\'''
lt_cv_sys_max_cmd_len=196608
lt_lt_cv_prog_compiler_c_o='"yes"'
lt_lt_cv_prog_compiler_c_o_CXX='"yes"'
lt_lt_cv_sys_global_symbol_pipe='"sed -n -e '\''s/^.*[ 	]\\([BCDEGRST][BCDEGRST]*\\)[ 	][ 	]*_\\([_A-Za-z][_A-Za-z0-9]*\\)\$/\\1 _\\2 \\2/p'\''"'
lt_lt_cv_sys_global_symbol_to_c_name_address='"sed -n -e '\''s/^: \\([^ ]*\\) \$/  {\\\"\\1\\\", (lt_ptr) 0},/p'\'' -e '\''s/^[BCDEGRST] \\([^ ]*\\) \\([^ ]*\\)\$/  {\"\\2\", (lt_ptr) \\&\\2},/p'\''"'
lt_lt_cv_sys_global_symbol_to_cdecl='"sed -n -e '\''s/^. .* \\(.*\\)\$/extern int \\1;/p'\''"'

## ----------------- ##
## Output variables. ##
## ----------------- ##

ACLOCAL='${SHELL} /Users/rf9/Projects/DoogieHowser/build-aux/missing --run aclocal-1.10'
AMDEPBACKSLASH='\'
AMDEP_FALSE='#'
AMDEP_TRUE=''
AMTAR='${SHELL} /Users/rf9/Projects/DoogieHowser/build-aux/missing --run tar'
AR='ar'
AUTOCONF='${SHELL} /Users/rf9/Projects/DoogieHowser/build-aux/missing --run autoconf'
AUTOHEADER='${SHELL} /Users/rf9/Projects/DoogieHowser/build-aux/missing --run autoheader'
AUTOMAKE='${SHELL} /Users/rf9/Projects/DoogieHowser/build-aux/missing --run automake-1.10'
AWK='awk'
CC='gcc'
CCDEPMODE='depmode=gcc3'
CFLAGS='-g -O2'
CHECK_CFLAGS=''
CHECK_LIBS='-lcheck'
CPP='gcc -E'
CPPFLAGS=''
CXX='g++'
CXXCPP='g++ -E'
CXXDEPMODE='depmode=gcc3'
CXXFLAGS='-g -O2'
CYGPATH_W='echo'
DEFS='-DHAVE_CONFIG_H'
DEPDIR='.deps'
ECHO='/bin/echo'
ECHO_C='ECHO_N=''
ECHO_T=''
EGREP='/usr/bin/grep -E'
EXEEXT=''
F77=''
FFLAGS=''
GREP='/usr/bin/grep'
INSTALL_DATA='${INSTALL} -m 644'
INSTALL_PROGRAM='${INSTALL}'
INSTALL_SCRIPT='${INSTALL}'
INSTALL_STRIP_PROGRAM='$(install_sh) -c -s'
LDFLAGS=''
LIBOBJS=''
LIBS=''
LIBTOOL='$(SHELL) $(top_builddir)/libtool'
LN_S='ln -s'
LTLIBOBJS=''
MAKEINFO='${SHELL} /Users/rf9/Projects/DoogieHowser/build-aux/missing --run makeinfo'
OBJEXT='o'
PACKAGE='doogiehowser'
PACKAGE_BUGREPORT='robert AT robertdfrench.me'
PACKAGE_NAME='DoogieHowser'
PACKAGE_STRING='DoogieHowser 0.0.1'
PACKAGE_TARNAME='doogiehowser'
PACKAGE_VERSION='0.0.1'
PATH_SEPARATOR=':'
RANLIB='ranlib'
SET_MAKE=''
SHELL='/bin/sh'
STRIP='strip'
VERSION='0.0.1'
ac_ct_CC='gcc'
ac_ct_CXX='g++'
ac_ct_F77=''
am__fastdepCC_FALSE='#'
am__fastdepCC_TRUE=''
am__fastdepCXX_FALSE='#'
am__fastdepCXX_TRUE=''
am__include='include'
am__isrc=''
am__leading_dot='.'
am__quote=''
am__tar='${AMTAR} chof - "$$tardir"'
am__untar='${AMTAR} xf -'
bindir='${exec_prefix}/bin'
build='i386-apple-darwin12.5.0'
build_alias=''
build_cpu='i386'
build_os='darwin12.5.0'
build_vendor='apple'
datadir='${datarootdir}'
datarootdir='${prefix}/share'
docdir='${datarootdir}/doc/${PACKAGE_TARNAME}'
dvidir='${docdir}'
exec_prefix='${prefix}'
host='i386-apple-darwin12.5.0'
host_alias=''
host_cpu='i386'
host_os='darwin12.5.0'
host_vendor='apple'
htmldir='${docdir}'
includedir='${prefix}/include'
infodir='${datarootdir}/info'
install_sh='$(SHELL) /Users/rf9/Projects/DoogieHowser/build-aux/install-sh'
libdir='${exec_prefix}/lib'
libexecdir='${exec_prefix}/libexec'
localedir='${datarootdir}/locale'
localstatedir='${prefix}/var'
mandir='${datarootdir}/man'
mkdir_p='$(top_builddir)/build-aux/install-sh -c -d'
oldincludedir='/usr/include'
pdfdir='${docdir}'
prefix='/usr/local'
program_transform_name='s,x,x,'
psdir='${docdir}'
sbindir='${exec_prefix}/sbin'
sharedstatedir='${prefix}/com'
sysconfdir='${prefix}/etc'
target_alias=''

## ----------- ##
## confdefs.h. ##
## ----------- ##

#define PACKAGE_NAME "DoogieHowser"
#define PACKAGE_TARNAME "doogiehowser"
#define PACKAGE_VERSION "0.0.1"
#define PACKAGE_STRING "DoogieHowser 0.0.1"
#define PACKAGE_BUGREPORT "robert AT robertdfrench.me"
#define PACKAGE "doogiehowser"
#define VERSION "0.0.1"
#define STDC_HEADERS 1
#define HAVE_SYS_TYPES_H 1
#define HAVE_SYS_STAT_H 1
#define HAVE_STDLIB_H 1
#define HAVE_STRING_H 1
#define HAVE_MEMORY_H 1
#define HAVE_STRINGS_H 1
#define HAVE_INTTYPES_H 1
#define HAVE_STDINT_H 1
#define HAVE_UNISTD_H 1
#define HAVE_DLFCN_H 1
#define STDC_HEADERS 1
#define HAVE_STDLIB_H 1
#define HAVE_STDLIB_H 1
#define HAVE_MALLOC 1

configure: exit 0
